2021-12-29 18:12:52.931  INFO 17676 --- [restartedMain] c.f.n.NotificationApplication            : Starting NotificationApplication using Java 17.0.1 on nagbara with PID 17676 (C:\Users\agbar\Documents\Dev\notification\target\classes started by agbar in C:\Users\agbar\Documents\Dev\notification)
2021-12-29 18:12:52.931  INFO 17676 --- [restartedMain] c.f.n.NotificationApplication            : No active profile set, falling back to default profiles: default
2021-12-29 18:12:53.000  INFO 17676 --- [restartedMain] .e.DevToolsPropertyDefaultsPostProcessor : Devtools property defaults active! Set 'spring.devtools.add-properties' to 'false' to disable
2021-12-29 18:12:53.000  INFO 17676 --- [restartedMain] .e.DevToolsPropertyDefaultsPostProcessor : For additional web related logging consider setting the 'logging.level.web' property to 'DEBUG'
2021-12-29 18:12:53.550  INFO 17676 --- [restartedMain] .s.d.r.c.RepositoryConfigurationDelegate : Bootstrapping Spring Data JPA repositories in DEFAULT mode.
2021-12-29 18:12:53.597  INFO 17676 --- [restartedMain] .s.d.r.c.RepositoryConfigurationDelegate : Finished Spring Data repository scanning in 34 ms. Found 1 JPA repository interfaces.
2021-12-29 18:12:54.210  INFO 17676 --- [restartedMain] o.s.b.w.embedded.tomcat.TomcatWebServer  : Tomcat initialized with port(s): 8080 (http)
2021-12-29 18:12:54.226  INFO 17676 --- [restartedMain] o.apache.catalina.core.StandardService   : Starting service [Tomcat]
2021-12-29 18:12:54.226  INFO 17676 --- [restartedMain] org.apache.catalina.core.StandardEngine  : Starting Servlet engine: [Apache Tomcat/9.0.56]
2021-12-29 18:12:54.304  INFO 17676 --- [restartedMain] o.a.c.c.C.[Tomcat].[localhost].[/]       : Initializing Spring embedded WebApplicationContext
2021-12-29 18:12:54.304  INFO 17676 --- [restartedMain] w.s.c.ServletWebServerApplicationContext : Root WebApplicationContext: initialization completed in 1304 ms
2021-12-29 18:12:54.429  INFO 17676 --- [restartedMain] com.zaxxer.hikari.HikariDataSource       : HikariPool-1 - Starting...
2021-12-29 18:12:54.733  INFO 17676 --- [restartedMain] com.zaxxer.hikari.HikariDataSource       : HikariPool-1 - Start completed.
2021-12-29 18:12:54.780  INFO 17676 --- [restartedMain] o.hibernate.jpa.internal.util.LogHelper  : HHH000204: Processing PersistenceUnitInfo [name: default]
2021-12-29 18:12:54.821  INFO 17676 --- [restartedMain] org.hibernate.Version                    : HHH000412: Hibernate ORM core version 5.6.3.Final
2021-12-29 18:12:55.017  INFO 17676 --- [restartedMain] o.hibernate.annotations.common.Version   : HCANN000001: Hibernate Commons Annotations {5.1.2.Final}
2021-12-29 18:12:55.156  INFO 17676 --- [restartedMain] org.hibernate.dialect.Dialect            : HHH000400: Using dialect: org.hibernate.dialect.MySQL8Dialect
2021-12-29 18:12:55.736  INFO 17676 --- [restartedMain] o.h.e.t.j.p.i.JtaPlatformInitiator       : HHH000490: Using JtaPlatform implementation: [org.hibernate.engine.transaction.jta.platform.internal.NoJtaPlatform]
2021-12-29 18:12:55.753  INFO 17676 --- [restartedMain] j.LocalContainerEntityManagerFactoryBean : Initialized JPA EntityManagerFactory for persistence unit 'default'
2021-12-29 18:12:56.111  WARN 17676 --- [restartedMain] c.f.n.controller.NotificationController  : ###### Startup ok
2021-12-29 18:12:56.111  WARN 17676 --- [task-1] c.f.n.controller.ClasseTaskRunn          : ###### DEBUG: 
2021-12-29 18:12:56.171  WARN 17676 --- [restartedMain] JpaBaseConfiguration$JpaWebConfiguration : spring.jpa.open-in-view is enabled by default. Therefore, database queries may be performed during view rendering. Explicitly configure spring.jpa.open-in-view to disable this warning
2021-12-29 18:12:56.247  INFO 17676 --- [task-1] c.f.n.controller.ClasseTaskRunn          : Listening for record...
2021-12-29 18:12:56.248  INFO 17676 --- [task-1] c.f.n.service.NotificationServiceImpl    : Inside service impl
2021-12-29 18:12:56.277  INFO 17676 --- [task-1] c.f.n.controller.ClasseTaskRunn          : Found record
2021-12-29 18:12:56.277  INFO 17676 --- [task-1] c.f.n.controller.ClasseTaskRunn          : size of record 6
2021-12-29 18:12:56.511  INFO 17676 --- [restartedMain] o.s.b.d.a.OptionalLiveReloadServer       : LiveReload server is running on port 35729
2021-12-29 18:12:56.542  INFO 17676 --- [task-1] c.f.n.controller.ClasseTaskRunn          : Notification sent for:- test@sample.com Hi Nate,

Welcome to Nathans!
Here's your account number 1000000000. Enjoy seamless transactions.

Regards

2021-12-29 18:12:56.544  INFO 17676 --- [restartedMain] o.s.b.w.embedded.tomcat.TomcatWebServer  : Tomcat started on port(s): 8080 (http) with context path ''
2021-12-29 18:12:56.556  INFO 17676 --- [restartedMain] c.f.n.NotificationApplication            : Started NotificationApplication in 4.015 seconds (JVM running for 4.421)
2021-12-29 18:12:56.960  INFO 17676 --- [task-1] c.f.n.controller.ClasseTaskRunn          : Notification sent for:- test@sample.com Hi Nate,

Welcome to Nathans!
Here's your account number 1000000001. Enjoy seamless transactions.

Regards

2021-12-29 18:12:57.079  INFO 17676 --- [task-1] c.f.n.controller.ClasseTaskRunn          : Notification sent for:- test@sample.com Hi Nate,

Welcome to Nathans!
Here's your account number 1000000002. Enjoy seamless transactions.

Regards

2021-12-29 18:12:57.262  INFO 17676 --- [task-1] c.f.n.controller.ClasseTaskRunn          : Notification sent for:- test@sample.com Hi Nate,

Welcome to Nathans!
Here's your account number 1000000003. Enjoy seamless transactions.

Regards

2021-12-29 18:12:57.482  INFO 17676 --- [task-1] c.f.n.controller.ClasseTaskRunn          : Notification sent for:- test@sample.com Hi Nate,

Welcome to Nathans!
Here's your account number 1000000004. Enjoy seamless transactions.

Regards

2021-12-29 18:12:57.662  INFO 17676 --- [task-1] c.f.n.controller.ClasseTaskRunn          : Notification sent for:- test@sample.com Hi Nate,

Welcome to Nathans!
Here's your account number 1000000005. Enjoy seamless transactions.

Regards

2021-12-29 18:13:07.672  WARN 17676 --- [task-1] c.f.n.controller.ClasseTaskRunn          : ###### DEBUG: 
2021-12-29 18:13:07.672  INFO 17676 --- [task-1] c.f.n.controller.ClasseTaskRunn          : Listening for record...
2021-12-29 18:13:07.672  INFO 17676 --- [task-1] c.f.n.service.NotificationServiceImpl    : Inside service impl
2021-12-29 18:13:17.688  WARN 17676 --- [task-1] c.f.n.controller.ClasseTaskRunn          : ###### DEBUG: 
2021-12-29 18:13:17.688  INFO 17676 --- [task-1] c.f.n.controller.ClasseTaskRunn          : Listening for record...
2021-12-29 18:13:17.688  INFO 17676 --- [task-1] c.f.n.service.NotificationServiceImpl    : Inside service impl
2021-12-29 18:13:27.738  WARN 17676 --- [task-1] c.f.n.controller.ClasseTaskRunn          : ###### DEBUG: 
2021-12-29 18:13:27.738  INFO 17676 --- [task-1] c.f.n.controller.ClasseTaskRunn          : Listening for record...
2021-12-29 18:13:27.738  INFO 17676 --- [task-1] c.f.n.service.NotificationServiceImpl    : Inside service impl
2021-12-29 18:13:37.752  WARN 17676 --- [task-1] c.f.n.controller.ClasseTaskRunn          : ###### DEBUG: 
2021-12-29 18:13:37.752  INFO 17676 --- [task-1] c.f.n.controller.ClasseTaskRunn          : Listening for record...
2021-12-29 18:13:37.752  INFO 17676 --- [task-1] c.f.n.service.NotificationServiceImpl    : Inside service impl
2021-12-29 18:13:47.787  WARN 17676 --- [task-1] c.f.n.controller.ClasseTaskRunn          : ###### DEBUG: 
2021-12-29 18:13:47.787  INFO 17676 --- [task-1] c.f.n.controller.ClasseTaskRunn          : Listening for record...
2021-12-29 18:13:47.787  INFO 17676 --- [task-1] c.f.n.service.NotificationServiceImpl    : Inside service impl
2021-12-29 18:13:57.817  WARN 17676 --- [task-1] c.f.n.controller.ClasseTaskRunn          : ###### DEBUG: 
2021-12-29 18:13:57.820  INFO 17676 --- [task-1] c.f.n.controller.ClasseTaskRunn          : Listening for record...
2021-12-29 18:13:57.820  INFO 17676 --- [task-1] c.f.n.service.NotificationServiceImpl    : Inside service impl
2021-12-29 18:14:07.830  WARN 17676 --- [task-1] c.f.n.controller.ClasseTaskRunn          : ###### DEBUG: 
2021-12-29 18:14:07.830  INFO 17676 --- [task-1] c.f.n.controller.ClasseTaskRunn          : Listening for record...
2021-12-29 18:14:07.830  INFO 17676 --- [task-1] c.f.n.service.NotificationServiceImpl    : Inside service impl
2021-12-29 18:14:17.846  WARN 17676 --- [task-1] c.f.n.controller.ClasseTaskRunn          : ###### DEBUG: 
2021-12-29 18:14:17.847  INFO 17676 --- [task-1] c.f.n.controller.ClasseTaskRunn          : Listening for record...
2021-12-29 18:14:17.847  INFO 17676 --- [task-1] c.f.n.service.NotificationServiceImpl    : Inside service impl
2021-12-29 18:14:27.859  WARN 17676 --- [task-1] c.f.n.controller.ClasseTaskRunn          : ###### DEBUG: 
2021-12-29 18:14:27.859  INFO 17676 --- [task-1] c.f.n.controller.ClasseTaskRunn          : Listening for record...
2021-12-29 18:14:27.859  INFO 17676 --- [task-1] c.f.n.service.NotificationServiceImpl    : Inside service impl
2021-12-29 18:14:37.884  WARN 17676 --- [task-1] c.f.n.controller.ClasseTaskRunn          : ###### DEBUG: 
2021-12-29 18:14:37.884  INFO 17676 --- [task-1] c.f.n.controller.ClasseTaskRunn          : Listening for record...
2021-12-29 18:14:37.884  INFO 17676 --- [task-1] c.f.n.service.NotificationServiceImpl    : Inside service impl
2021-12-29 18:14:47.898  WARN 17676 --- [task-1] c.f.n.controller.ClasseTaskRunn          : ###### DEBUG: 
2021-12-29 18:14:47.902  INFO 17676 --- [task-1] c.f.n.controller.ClasseTaskRunn          : Listening for record...
2021-12-29 18:14:47.902  INFO 17676 --- [task-1] c.f.n.service.NotificationServiceImpl    : Inside service impl
2021-12-29 18:14:57.914  WARN 17676 --- [task-1] c.f.n.controller.ClasseTaskRunn          : ###### DEBUG: 
2021-12-29 18:14:57.914  INFO 17676 --- [task-1] c.f.n.controller.ClasseTaskRunn          : Listening for record...
2021-12-29 18:14:57.914  INFO 17676 --- [task-1] c.f.n.service.NotificationServiceImpl    : Inside service impl
2021-12-29 18:15:07.930  WARN 17676 --- [task-1] c.f.n.controller.ClasseTaskRunn          : ###### DEBUG: 
2021-12-29 18:15:07.935  INFO 17676 --- [task-1] c.f.n.controller.ClasseTaskRunn          : Listening for record...
2021-12-29 18:15:07.935  INFO 17676 --- [task-1] c.f.n.service.NotificationServiceImpl    : Inside service impl
2021-12-29 18:15:17.945  WARN 17676 --- [task-1] c.f.n.controller.ClasseTaskRunn          : ###### DEBUG: 
2021-12-29 18:15:17.946  INFO 17676 --- [task-1] c.f.n.controller.ClasseTaskRunn          : Listening for record...
2021-12-29 18:15:17.946  INFO 17676 --- [task-1] c.f.n.service.NotificationServiceImpl    : Inside service impl
2021-12-29 18:15:27.959  WARN 17676 --- [task-1] c.f.n.controller.ClasseTaskRunn          : ###### DEBUG: 
2021-12-29 18:15:27.959  INFO 17676 --- [task-1] c.f.n.controller.ClasseTaskRunn          : Listening for record...
2021-12-29 18:15:27.959  INFO 17676 --- [task-1] c.f.n.service.NotificationServiceImpl    : Inside service impl
2021-12-29 18:15:37.973  WARN 17676 --- [task-1] c.f.n.controller.ClasseTaskRunn          : ###### DEBUG: 
2021-12-29 18:15:37.973  INFO 17676 --- [task-1] c.f.n.controller.ClasseTaskRunn          : Listening for record...
2021-12-29 18:15:37.973  INFO 17676 --- [task-1] c.f.n.service.NotificationServiceImpl    : Inside service impl
2021-12-29 18:15:47.989  WARN 17676 --- [task-1] c.f.n.controller.ClasseTaskRunn          : ###### DEBUG: 
2021-12-29 18:15:47.989  INFO 17676 --- [task-1] c.f.n.controller.ClasseTaskRunn          : Listening for record...
2021-12-29 18:15:47.989  INFO 17676 --- [task-1] c.f.n.service.NotificationServiceImpl    : Inside service impl
2021-12-29 18:15:58.001  WARN 17676 --- [task-1] c.f.n.controller.ClasseTaskRunn          : ###### DEBUG: 
2021-12-29 18:15:58.001  INFO 17676 --- [task-1] c.f.n.controller.ClasseTaskRunn          : Listening for record...
2021-12-29 18:15:58.001  INFO 17676 --- [task-1] c.f.n.service.NotificationServiceImpl    : Inside service impl
2021-12-29 18:16:08.013  WARN 17676 --- [task-1] c.f.n.controller.ClasseTaskRunn          : ###### DEBUG: 
2021-12-29 18:16:08.013  INFO 17676 --- [task-1] c.f.n.controller.ClasseTaskRunn          : Listening for record...
2021-12-29 18:16:08.013  INFO 17676 --- [task-1] c.f.n.service.NotificationServiceImpl    : Inside service impl
2021-12-29 18:16:18.028  WARN 17676 --- [task-1] c.f.n.controller.ClasseTaskRunn          : ###### DEBUG: 
2021-12-29 18:16:18.029  INFO 17676 --- [task-1] c.f.n.controller.ClasseTaskRunn          : Listening for record...
2021-12-29 18:16:18.029  INFO 17676 --- [task-1] c.f.n.service.NotificationServiceImpl    : Inside service impl
2021-12-29 18:16:28.041  WARN 17676 --- [task-1] c.f.n.controller.ClasseTaskRunn          : ###### DEBUG: 
2021-12-29 18:16:28.041  INFO 17676 --- [task-1] c.f.n.controller.ClasseTaskRunn          : Listening for record...
2021-12-29 18:16:28.041  INFO 17676 --- [task-1] c.f.n.service.NotificationServiceImpl    : Inside service impl
2021-12-29 18:16:38.049  WARN 17676 --- [task-1] c.f.n.controller.ClasseTaskRunn          : ###### DEBUG: 
2021-12-29 18:16:38.051  INFO 17676 --- [task-1] c.f.n.controller.ClasseTaskRunn          : Listening for record...
2021-12-29 18:16:38.051  INFO 17676 --- [task-1] c.f.n.service.NotificationServiceImpl    : Inside service impl
2021-12-29 18:16:48.059  WARN 17676 --- [task-1] c.f.n.controller.ClasseTaskRunn          : ###### DEBUG: 
2021-12-29 18:16:48.059  INFO 17676 --- [task-1] c.f.n.controller.ClasseTaskRunn          : Listening for record...
2021-12-29 18:16:48.059  INFO 17676 --- [task-1] c.f.n.service.NotificationServiceImpl    : Inside service impl
2021-12-29 18:16:58.081  WARN 17676 --- [task-1] c.f.n.controller.ClasseTaskRunn          : ###### DEBUG: 
2021-12-29 18:16:58.081  INFO 17676 --- [task-1] c.f.n.controller.ClasseTaskRunn          : Listening for record...
2021-12-29 18:16:58.081  INFO 17676 --- [task-1] c.f.n.service.NotificationServiceImpl    : Inside service impl
2021-12-29 18:17:08.093  WARN 17676 --- [task-1] c.f.n.controller.ClasseTaskRunn          : ###### DEBUG: 
2021-12-29 18:17:08.093  INFO 17676 --- [task-1] c.f.n.controller.ClasseTaskRunn          : Listening for record...
2021-12-29 18:17:08.093  INFO 17676 --- [task-1] c.f.n.service.NotificationServiceImpl    : Inside service impl
2021-12-29 18:17:18.114  WARN 17676 --- [task-1] c.f.n.controller.ClasseTaskRunn          : ###### DEBUG: 
2021-12-29 18:17:18.118  INFO 17676 --- [task-1] c.f.n.controller.ClasseTaskRunn          : Listening for record...
2021-12-29 18:17:18.119  INFO 17676 --- [task-1] c.f.n.service.NotificationServiceImpl    : Inside service impl
2021-12-29 18:17:28.129  WARN 17676 --- [task-1] c.f.n.controller.ClasseTaskRunn          : ###### DEBUG: 
2021-12-29 18:17:28.129  INFO 17676 --- [task-1] c.f.n.controller.ClasseTaskRunn          : Listening for record...
2021-12-29 18:17:28.129  INFO 17676 --- [task-1] c.f.n.service.NotificationServiceImpl    : Inside service impl
2021-12-29 18:17:38.147  WARN 17676 --- [task-1] c.f.n.controller.ClasseTaskRunn          : ###### DEBUG: 
2021-12-29 18:17:38.148  INFO 17676 --- [task-1] c.f.n.controller.ClasseTaskRunn          : Listening for record...
2021-12-29 18:17:38.148  INFO 17676 --- [task-1] c.f.n.service.NotificationServiceImpl    : Inside service impl
2021-12-29 18:17:48.160  WARN 17676 --- [task-1] c.f.n.controller.ClasseTaskRunn          : ###### DEBUG: 
2021-12-29 18:17:48.162  INFO 17676 --- [task-1] c.f.n.controller.ClasseTaskRunn          : Listening for record...
2021-12-29 18:17:48.162  INFO 17676 --- [task-1] c.f.n.service.NotificationServiceImpl    : Inside service impl
2021-12-29 18:17:58.186  WARN 17676 --- [task-1] c.f.n.controller.ClasseTaskRunn          : ###### DEBUG: 
2021-12-29 18:17:58.186  INFO 17676 --- [task-1] c.f.n.controller.ClasseTaskRunn          : Listening for record...
2021-12-29 18:17:58.186  INFO 17676 --- [task-1] c.f.n.service.NotificationServiceImpl    : Inside service impl
2021-12-29 18:18:08.199  WARN 17676 --- [task-1] c.f.n.controller.ClasseTaskRunn          : ###### DEBUG: 
2021-12-29 18:18:08.199  INFO 17676 --- [task-1] c.f.n.controller.ClasseTaskRunn          : Listening for record...
2021-12-29 18:18:08.199  INFO 17676 --- [task-1] c.f.n.service.NotificationServiceImpl    : Inside service impl
2021-12-29 18:18:18.208  WARN 17676 --- [task-1] c.f.n.controller.ClasseTaskRunn          : ###### DEBUG: 
2021-12-29 18:18:18.209  INFO 17676 --- [task-1] c.f.n.controller.ClasseTaskRunn          : Listening for record...
2021-12-29 18:18:18.209  INFO 17676 --- [task-1] c.f.n.service.NotificationServiceImpl    : Inside service impl
2021-12-29 18:18:28.221  WARN 17676 --- [task-1] c.f.n.controller.ClasseTaskRunn          : ###### DEBUG: 
2021-12-29 18:18:28.221  INFO 17676 --- [task-1] c.f.n.controller.ClasseTaskRunn          : Listening for record...
2021-12-29 18:18:28.221  INFO 17676 --- [task-1] c.f.n.service.NotificationServiceImpl    : Inside service impl
2021-12-29 18:18:38.231  WARN 17676 --- [task-1] c.f.n.controller.ClasseTaskRunn          : ###### DEBUG: 
2021-12-29 18:18:38.231  INFO 17676 --- [task-1] c.f.n.controller.ClasseTaskRunn          : Listening for record...
2021-12-29 18:18:38.231  INFO 17676 --- [task-1] c.f.n.service.NotificationServiceImpl    : Inside service impl
2021-12-29 18:18:48.238  WARN 17676 --- [task-1] c.f.n.controller.ClasseTaskRunn          : ###### DEBUG: 
2021-12-29 18:18:48.238  INFO 17676 --- [task-1] c.f.n.controller.ClasseTaskRunn          : Listening for record...
2021-12-29 18:18:48.238  INFO 17676 --- [task-1] c.f.n.service.NotificationServiceImpl    : Inside service impl
2021-12-29 18:18:58.245  WARN 17676 --- [task-1] c.f.n.controller.ClasseTaskRunn          : ###### DEBUG: 
2021-12-29 18:18:58.246  INFO 17676 --- [task-1] c.f.n.controller.ClasseTaskRunn          : Listening for record...
2021-12-29 18:18:58.246  INFO 17676 --- [task-1] c.f.n.service.NotificationServiceImpl    : Inside service impl
2021-12-29 18:19:08.259  WARN 17676 --- [task-1] c.f.n.controller.ClasseTaskRunn          : ###### DEBUG: 
2021-12-29 18:19:08.264  INFO 17676 --- [task-1] c.f.n.controller.ClasseTaskRunn          : Listening for record...
2021-12-29 18:19:08.264  INFO 17676 --- [task-1] c.f.n.service.NotificationServiceImpl    : Inside service impl
2021-12-29 18:19:18.273  WARN 17676 --- [task-1] c.f.n.controller.ClasseTaskRunn          : ###### DEBUG: 
2021-12-29 18:19:18.273  INFO 17676 --- [task-1] c.f.n.controller.ClasseTaskRunn          : Listening for record...
2021-12-29 18:19:18.273  INFO 17676 --- [task-1] c.f.n.service.NotificationServiceImpl    : Inside service impl
2021-12-29 18:19:28.289  WARN 17676 --- [task-1] c.f.n.controller.ClasseTaskRunn          : ###### DEBUG: 
2021-12-29 18:19:28.289  INFO 17676 --- [task-1] c.f.n.controller.ClasseTaskRunn          : Listening for record...
2021-12-29 18:19:28.289  INFO 17676 --- [task-1] c.f.n.service.NotificationServiceImpl    : Inside service impl
2021-12-29 18:19:38.301  WARN 17676 --- [task-1] c.f.n.controller.ClasseTaskRunn          : ###### DEBUG: 
2021-12-29 18:19:38.301  INFO 17676 --- [task-1] c.f.n.controller.ClasseTaskRunn          : Listening for record...
2021-12-29 18:19:38.301  INFO 17676 --- [task-1] c.f.n.service.NotificationServiceImpl    : Inside service impl
2021-12-29 18:19:48.316  WARN 17676 --- [task-1] c.f.n.controller.ClasseTaskRunn          : ###### DEBUG: 
2021-12-29 18:19:48.317  INFO 17676 --- [task-1] c.f.n.controller.ClasseTaskRunn          : Listening for record...
2021-12-29 18:19:48.317  INFO 17676 --- [task-1] c.f.n.service.NotificationServiceImpl    : Inside service impl
2021-12-29 18:19:58.328  WARN 17676 --- [task-1] c.f.n.controller.ClasseTaskRunn          : ###### DEBUG: 
2021-12-29 18:19:58.332  INFO 17676 --- [task-1] c.f.n.controller.ClasseTaskRunn          : Listening for record...
2021-12-29 18:19:58.332  INFO 17676 --- [task-1] c.f.n.service.NotificationServiceImpl    : Inside service impl
2021-12-29 18:20:08.341  WARN 17676 --- [task-1] c.f.n.controller.ClasseTaskRunn          : ###### DEBUG: 
2021-12-29 18:20:08.341  INFO 17676 --- [task-1] c.f.n.controller.ClasseTaskRunn          : Listening for record...
2021-12-29 18:20:08.341  INFO 17676 --- [task-1] c.f.n.service.NotificationServiceImpl    : Inside service impl
2021-12-29 18:20:18.348  WARN 17676 --- [task-1] c.f.n.controller.ClasseTaskRunn          : ###### DEBUG: 
2021-12-29 18:20:18.348  INFO 17676 --- [task-1] c.f.n.controller.ClasseTaskRunn          : Listening for record...
2021-12-29 18:20:18.348  INFO 17676 --- [task-1] c.f.n.service.NotificationServiceImpl    : Inside service impl
2021-12-29 18:20:28.355  WARN 17676 --- [task-1] c.f.n.controller.ClasseTaskRunn          : ###### DEBUG: 
2021-12-29 18:20:28.355  INFO 17676 --- [task-1] c.f.n.controller.ClasseTaskRunn          : Listening for record...
2021-12-29 18:20:28.355  INFO 17676 --- [task-1] c.f.n.service.NotificationServiceImpl    : Inside service impl
2021-12-29 18:20:38.370  WARN 17676 --- [task-1] c.f.n.controller.ClasseTaskRunn          : ###### DEBUG: 
2021-12-29 18:20:38.370  INFO 17676 --- [task-1] c.f.n.controller.ClasseTaskRunn          : Listening for record...
2021-12-29 18:20:38.375  INFO 17676 --- [task-1] c.f.n.service.NotificationServiceImpl    : Inside service impl
2021-12-29 18:20:48.382  WARN 17676 --- [task-1] c.f.n.controller.ClasseTaskRunn          : ###### DEBUG: 
2021-12-29 18:20:48.382  INFO 17676 --- [task-1] c.f.n.controller.ClasseTaskRunn          : Listening for record...
2021-12-29 18:20:48.382  INFO 17676 --- [task-1] c.f.n.service.NotificationServiceImpl    : Inside service impl
2021-12-29 18:20:58.397  WARN 17676 --- [task-1] c.f.n.controller.ClasseTaskRunn          : ###### DEBUG: 
2021-12-29 18:20:58.397  INFO 17676 --- [task-1] c.f.n.controller.ClasseTaskRunn          : Listening for record...
2021-12-29 18:20:58.397  INFO 17676 --- [task-1] c.f.n.service.NotificationServiceImpl    : Inside service impl
2021-12-29 18:21:08.411  WARN 17676 --- [task-1] c.f.n.controller.ClasseTaskRunn          : ###### DEBUG: 
2021-12-29 18:21:08.411  INFO 17676 --- [task-1] c.f.n.controller.ClasseTaskRunn          : Listening for record...
2021-12-29 18:21:08.411  INFO 17676 --- [task-1] c.f.n.service.NotificationServiceImpl    : Inside service impl
2021-12-29 18:21:18.425  WARN 17676 --- [task-1] c.f.n.controller.ClasseTaskRunn          : ###### DEBUG: 
2021-12-29 18:21:18.425  INFO 17676 --- [task-1] c.f.n.controller.ClasseTaskRunn          : Listening for record...
2021-12-29 18:21:18.425  INFO 17676 --- [task-1] c.f.n.service.NotificationServiceImpl    : Inside service impl
2021-12-29 18:21:28.440  WARN 17676 --- [task-1] c.f.n.controller.ClasseTaskRunn          : ###### DEBUG: 
2021-12-29 18:21:28.442  INFO 17676 --- [task-1] c.f.n.controller.ClasseTaskRunn          : Listening for record...
2021-12-29 18:21:28.442  INFO 17676 --- [task-1] c.f.n.service.NotificationServiceImpl    : Inside service impl
2021-12-29 18:21:38.452  WARN 17676 --- [task-1] c.f.n.controller.ClasseTaskRunn          : ###### DEBUG: 
2021-12-29 18:21:38.452  INFO 17676 --- [task-1] c.f.n.controller.ClasseTaskRunn          : Listening for record...
2021-12-29 18:21:38.452  INFO 17676 --- [task-1] c.f.n.service.NotificationServiceImpl    : Inside service impl
2021-12-29 18:21:48.466  WARN 17676 --- [task-1] c.f.n.controller.ClasseTaskRunn          : ###### DEBUG: 
2021-12-29 18:21:48.469  INFO 17676 --- [task-1] c.f.n.controller.ClasseTaskRunn          : Listening for record...
2021-12-29 18:21:48.470  INFO 17676 --- [task-1] c.f.n.service.NotificationServiceImpl    : Inside service impl
2021-12-29 18:21:58.474  WARN 17676 --- [task-1] c.f.n.controller.ClasseTaskRunn          : ###### DEBUG: 
2021-12-29 18:21:58.474  INFO 17676 --- [task-1] c.f.n.controller.ClasseTaskRunn          : Listening for record...
2021-12-29 18:21:58.474  INFO 17676 --- [task-1] c.f.n.service.NotificationServiceImpl    : Inside service impl
2021-12-29 18:22:08.490  WARN 17676 --- [task-1] c.f.n.controller.ClasseTaskRunn          : ###### DEBUG: 
2021-12-29 18:22:08.490  INFO 17676 --- [task-1] c.f.n.controller.ClasseTaskRunn          : Listening for record...
2021-12-29 18:22:08.490  INFO 17676 --- [task-1] c.f.n.service.NotificationServiceImpl    : Inside service impl
2021-12-29 18:22:18.504  WARN 17676 --- [task-1] c.f.n.controller.ClasseTaskRunn          : ###### DEBUG: 
2021-12-29 18:22:18.504  INFO 17676 --- [task-1] c.f.n.controller.ClasseTaskRunn          : Listening for record...
2021-12-29 18:22:18.504  INFO 17676 --- [task-1] c.f.n.service.NotificationServiceImpl    : Inside service impl
2021-12-29 18:22:28.516  WARN 17676 --- [task-1] c.f.n.controller.ClasseTaskRunn          : ###### DEBUG: 
2021-12-29 18:22:28.516  INFO 17676 --- [task-1] c.f.n.controller.ClasseTaskRunn          : Listening for record...
2021-12-29 18:22:28.516  INFO 17676 --- [task-1] c.f.n.service.NotificationServiceImpl    : Inside service impl
2021-12-29 18:22:38.533  WARN 17676 --- [task-1] c.f.n.controller.ClasseTaskRunn          : ###### DEBUG: 
2021-12-29 18:22:38.533  INFO 17676 --- [task-1] c.f.n.controller.ClasseTaskRunn          : Listening for record...
2021-12-29 18:22:38.533  INFO 17676 --- [task-1] c.f.n.service.NotificationServiceImpl    : Inside service impl
2021-12-29 18:22:48.548  WARN 17676 --- [task-1] c.f.n.controller.ClasseTaskRunn          : ###### DEBUG: 
2021-12-29 18:22:48.548  INFO 17676 --- [task-1] c.f.n.controller.ClasseTaskRunn          : Listening for record...
2021-12-29 18:22:48.548  INFO 17676 --- [task-1] c.f.n.service.NotificationServiceImpl    : Inside service impl
2021-12-29 18:22:58.560  WARN 17676 --- [task-1] c.f.n.controller.ClasseTaskRunn          : ###### DEBUG: 
2021-12-29 18:22:58.691  INFO 17676 --- [task-1] c.f.n.controller.ClasseTaskRunn          : Listening for record...
2021-12-29 18:22:58.691  INFO 17676 --- [task-1] c.f.n.service.NotificationServiceImpl    : Inside service impl
2021-12-29 18:23:08.697  WARN 17676 --- [task-1] c.f.n.controller.ClasseTaskRunn          : ###### DEBUG: 
2021-12-29 18:23:08.698  INFO 17676 --- [task-1] c.f.n.controller.ClasseTaskRunn          : Listening for record...
2021-12-29 18:23:08.698  INFO 17676 --- [task-1] c.f.n.service.NotificationServiceImpl    : Inside service impl
2021-12-29 18:23:18.709  WARN 17676 --- [task-1] c.f.n.controller.ClasseTaskRunn          : ###### DEBUG: 
2021-12-29 18:23:18.709  INFO 17676 --- [task-1] c.f.n.controller.ClasseTaskRunn          : Listening for record...
2021-12-29 18:23:18.709  INFO 17676 --- [task-1] c.f.n.service.NotificationServiceImpl    : Inside service impl
2021-12-29 18:23:18.709  INFO 17676 --- [task-1] c.f.n.controller.ClasseTaskRunn          : Found record
2021-12-29 18:23:18.709  INFO 17676 --- [task-1] c.f.n.controller.ClasseTaskRunn          : size of record 1
2021-12-29 18:23:18.872  INFO 17676 --- [task-1] c.f.n.controller.ClasseTaskRunn          : Notification sent for:- example@sample.com Hi Mike,

Welcome to Nathans!
Here's your account number 1000000006. Enjoy seamless transactions.

Regards

2021-12-29 18:23:28.875  WARN 17676 --- [task-1] c.f.n.controller.ClasseTaskRunn          : ###### DEBUG: 
2021-12-29 18:23:28.881  INFO 17676 --- [task-1] c.f.n.controller.ClasseTaskRunn          : Listening for record...
2021-12-29 18:23:28.881  INFO 17676 --- [task-1] c.f.n.service.NotificationServiceImpl    : Inside service impl
2021-12-29 18:23:38.892  WARN 17676 --- [task-1] c.f.n.controller.ClasseTaskRunn          : ###### DEBUG: 
2021-12-29 18:23:38.892  INFO 17676 --- [task-1] c.f.n.controller.ClasseTaskRunn          : Listening for record...
2021-12-29 18:23:38.892  INFO 17676 --- [task-1] c.f.n.service.NotificationServiceImpl    : Inside service impl
2021-12-29 18:23:48.905  WARN 17676 --- [task-1] c.f.n.controller.ClasseTaskRunn          : ###### DEBUG: 
2021-12-29 18:23:48.905  INFO 17676 --- [task-1] c.f.n.controller.ClasseTaskRunn          : Listening for record...
2021-12-29 18:23:48.905  INFO 17676 --- [task-1] c.f.n.service.NotificationServiceImpl    : Inside service impl
2021-12-29 18:23:58.918  WARN 17676 --- [task-1] c.f.n.controller.ClasseTaskRunn          : ###### DEBUG: 
2021-12-29 18:23:58.918  INFO 17676 --- [task-1] c.f.n.controller.ClasseTaskRunn          : Listening for record...
2021-12-29 18:23:58.918  INFO 17676 --- [task-1] c.f.n.service.NotificationServiceImpl    : Inside service impl
2021-12-29 18:24:08.929  WARN 17676 --- [task-1] c.f.n.controller.ClasseTaskRunn          : ###### DEBUG: 
2021-12-29 18:24:08.929  INFO 17676 --- [task-1] c.f.n.controller.ClasseTaskRunn          : Listening for record...
2021-12-29 18:24:08.929  INFO 17676 --- [task-1] c.f.n.service.NotificationServiceImpl    : Inside service impl
2021-12-29 18:24:18.951  WARN 17676 --- [task-1] c.f.n.controller.ClasseTaskRunn          : ###### DEBUG: 
2021-12-29 18:24:18.952  INFO 17676 --- [task-1] c.f.n.controller.ClasseTaskRunn          : Listening for record...
2021-12-29 18:24:18.952  INFO 17676 --- [task-1] c.f.n.service.NotificationServiceImpl    : Inside service impl
2021-12-29 18:24:28.963  WARN 17676 --- [task-1] c.f.n.controller.ClasseTaskRunn          : ###### DEBUG: 
2021-12-29 18:24:28.963  INFO 17676 --- [task-1] c.f.n.controller.ClasseTaskRunn          : Listening for record...
2021-12-29 18:24:28.963  INFO 17676 --- [task-1] c.f.n.service.NotificationServiceImpl    : Inside service impl
2021-12-29 18:24:38.976  WARN 17676 --- [task-1] c.f.n.controller.ClasseTaskRunn          : ###### DEBUG: 
2021-12-29 18:24:38.976  INFO 17676 --- [task-1] c.f.n.controller.ClasseTaskRunn          : Listening for record...
2021-12-29 18:24:38.976  INFO 17676 --- [task-1] c.f.n.service.NotificationServiceImpl    : Inside service impl
2021-12-29 18:24:48.991  WARN 17676 --- [task-1] c.f.n.controller.ClasseTaskRunn          : ###### DEBUG: 
2021-12-29 18:24:48.991  INFO 17676 --- [task-1] c.f.n.controller.ClasseTaskRunn          : Listening for record...
2021-12-29 18:24:48.998  INFO 17676 --- [task-1] c.f.n.service.NotificationServiceImpl    : Inside service impl
2021-12-29 18:24:59.020  WARN 17676 --- [task-1] c.f.n.controller.ClasseTaskRunn          : ###### DEBUG: 
2021-12-29 18:24:59.021  INFO 17676 --- [task-1] c.f.n.controller.ClasseTaskRunn          : Listening for record...
2021-12-29 18:24:59.021  INFO 17676 --- [task-1] c.f.n.service.NotificationServiceImpl    : Inside service impl
2021-12-29 18:25:09.030  WARN 17676 --- [task-1] c.f.n.controller.ClasseTaskRunn          : ###### DEBUG: 
2021-12-29 18:25:09.030  INFO 17676 --- [task-1] c.f.n.controller.ClasseTaskRunn          : Listening for record...
2021-12-29 18:25:09.030  INFO 17676 --- [task-1] c.f.n.service.NotificationServiceImpl    : Inside service impl
2021-12-29 18:25:19.041  WARN 17676 --- [task-1] c.f.n.controller.ClasseTaskRunn          : ###### DEBUG: 
2021-12-29 18:25:19.041  INFO 17676 --- [task-1] c.f.n.controller.ClasseTaskRunn          : Listening for record...
2021-12-29 18:25:19.041  INFO 17676 --- [task-1] c.f.n.service.NotificationServiceImpl    : Inside service impl
2021-12-29 18:25:29.050  WARN 17676 --- [task-1] c.f.n.controller.ClasseTaskRunn          : ###### DEBUG: 
2021-12-29 18:25:29.050  INFO 17676 --- [task-1] c.f.n.controller.ClasseTaskRunn          : Listening for record...
2021-12-29 18:25:29.050  INFO 17676 --- [task-1] c.f.n.service.NotificationServiceImpl    : Inside service impl
2021-12-29 18:25:39.059  WARN 17676 --- [task-1] c.f.n.controller.ClasseTaskRunn          : ###### DEBUG: 
2021-12-29 18:25:39.059  INFO 17676 --- [task-1] c.f.n.controller.ClasseTaskRunn          : Listening for record...
2021-12-29 18:25:39.059  INFO 17676 --- [task-1] c.f.n.service.NotificationServiceImpl    : Inside service impl
2021-12-29 18:25:49.075  WARN 17676 --- [task-1] c.f.n.controller.ClasseTaskRunn          : ###### DEBUG: 
2021-12-29 18:25:49.078  INFO 17676 --- [task-1] c.f.n.controller.ClasseTaskRunn          : Listening for record...
2021-12-29 18:25:49.078  INFO 17676 --- [task-1] c.f.n.service.NotificationServiceImpl    : Inside service impl
2021-12-29 18:25:59.087  WARN 17676 --- [task-1] c.f.n.controller.ClasseTaskRunn          : ###### DEBUG: 
2021-12-29 18:25:59.087  INFO 17676 --- [task-1] c.f.n.controller.ClasseTaskRunn          : Listening for record...
2021-12-29 18:25:59.087  INFO 17676 --- [task-1] c.f.n.service.NotificationServiceImpl    : Inside service impl
2021-12-29 18:26:09.098  WARN 17676 --- [task-1] c.f.n.controller.ClasseTaskRunn          : ###### DEBUG: 
2021-12-29 18:26:09.102  INFO 17676 --- [task-1] c.f.n.controller.ClasseTaskRunn          : Listening for record...
2021-12-29 18:26:09.102  INFO 17676 --- [task-1] c.f.n.service.NotificationServiceImpl    : Inside service impl
2021-12-29 18:26:19.116  WARN 17676 --- [task-1] c.f.n.controller.ClasseTaskRunn          : ###### DEBUG: 
2021-12-29 18:26:19.116  INFO 17676 --- [task-1] c.f.n.controller.ClasseTaskRunn          : Listening for record...
2021-12-29 18:26:19.116  INFO 17676 --- [task-1] c.f.n.service.NotificationServiceImpl    : Inside service impl
2021-12-29 18:26:29.125  WARN 17676 --- [task-1] c.f.n.controller.ClasseTaskRunn          : ###### DEBUG: 
2021-12-29 18:26:29.126  INFO 17676 --- [task-1] c.f.n.controller.ClasseTaskRunn          : Listening for record...
2021-12-29 18:26:29.126  INFO 17676 --- [task-1] c.f.n.service.NotificationServiceImpl    : Inside service impl
2021-12-29 18:26:39.137  WARN 17676 --- [task-1] c.f.n.controller.ClasseTaskRunn          : ###### DEBUG: 
2021-12-29 18:26:39.137  INFO 17676 --- [task-1] c.f.n.controller.ClasseTaskRunn          : Listening for record...
2021-12-29 18:26:39.137  INFO 17676 --- [task-1] c.f.n.service.NotificationServiceImpl    : Inside service impl
2021-12-29 18:26:49.148  WARN 17676 --- [task-1] c.f.n.controller.ClasseTaskRunn          : ###### DEBUG: 
2021-12-29 18:26:49.149  INFO 17676 --- [task-1] c.f.n.controller.ClasseTaskRunn          : Listening for record...
2021-12-29 18:26:49.154  INFO 17676 --- [task-1] c.f.n.service.NotificationServiceImpl    : Inside service impl
2021-12-29 18:26:59.170  WARN 17676 --- [task-1] c.f.n.controller.ClasseTaskRunn          : ###### DEBUG: 
2021-12-29 18:26:59.170  INFO 17676 --- [task-1] c.f.n.controller.ClasseTaskRunn          : Listening for record...
2021-12-29 18:26:59.170  INFO 17676 --- [task-1] c.f.n.service.NotificationServiceImpl    : Inside service impl
2021-12-29 18:27:09.182  WARN 17676 --- [task-1] c.f.n.controller.ClasseTaskRunn          : ###### DEBUG: 
2021-12-29 18:27:09.182  INFO 17676 --- [task-1] c.f.n.controller.ClasseTaskRunn          : Listening for record...
2021-12-29 18:27:09.182  INFO 17676 --- [task-1] c.f.n.service.NotificationServiceImpl    : Inside service impl
2021-12-29 18:27:19.196  WARN 17676 --- [task-1] c.f.n.controller.ClasseTaskRunn          : ###### DEBUG: 
2021-12-29 18:27:19.196  INFO 17676 --- [task-1] c.f.n.controller.ClasseTaskRunn          : Listening for record...
2021-12-29 18:27:19.196  INFO 17676 --- [task-1] c.f.n.service.NotificationServiceImpl    : Inside service impl
2021-12-29 18:27:29.205  WARN 17676 --- [task-1] c.f.n.controller.ClasseTaskRunn          : ###### DEBUG: 
2021-12-29 18:27:29.205  INFO 17676 --- [task-1] c.f.n.controller.ClasseTaskRunn          : Listening for record...
2021-12-29 18:27:29.205  INFO 17676 --- [task-1] c.f.n.service.NotificationServiceImpl    : Inside service impl
2021-12-29 18:27:39.216  WARN 17676 --- [task-1] c.f.n.controller.ClasseTaskRunn          : ###### DEBUG: 
2021-12-29 18:27:39.216  INFO 17676 --- [task-1] c.f.n.controller.ClasseTaskRunn          : Listening for record...
2021-12-29 18:27:39.216  INFO 17676 --- [task-1] c.f.n.service.NotificationServiceImpl    : Inside service impl
2021-12-29 18:27:49.230  WARN 17676 --- [task-1] c.f.n.controller.ClasseTaskRunn          : ###### DEBUG: 
2021-12-29 18:27:49.230  INFO 17676 --- [task-1] c.f.n.controller.ClasseTaskRunn          : Listening for record...
2021-12-29 18:27:49.230  INFO 17676 --- [task-1] c.f.n.service.NotificationServiceImpl    : Inside service impl
2021-12-29 18:27:59.239  WARN 17676 --- [task-1] c.f.n.controller.ClasseTaskRunn          : ###### DEBUG: 
2021-12-29 18:27:59.240  INFO 17676 --- [task-1] c.f.n.controller.ClasseTaskRunn          : Listening for record...
2021-12-29 18:27:59.240  INFO 17676 --- [task-1] c.f.n.service.NotificationServiceImpl    : Inside service impl
2021-12-29 18:28:09.259  WARN 17676 --- [task-1] c.f.n.controller.ClasseTaskRunn          : ###### DEBUG: 
2021-12-29 18:28:09.259  INFO 17676 --- [task-1] c.f.n.controller.ClasseTaskRunn          : Listening for record...
2021-12-29 18:28:09.259  INFO 17676 --- [task-1] c.f.n.service.NotificationServiceImpl    : Inside service impl
2021-12-29 18:28:19.270  WARN 17676 --- [task-1] c.f.n.controller.ClasseTaskRunn          : ###### DEBUG: 
2021-12-29 18:28:19.270  INFO 17676 --- [task-1] c.f.n.controller.ClasseTaskRunn          : Listening for record...
2021-12-29 18:28:19.270  INFO 17676 --- [task-1] c.f.n.service.NotificationServiceImpl    : Inside service impl
2021-12-29 18:28:29.282  WARN 17676 --- [task-1] c.f.n.controller.ClasseTaskRunn          : ###### DEBUG: 
2021-12-29 18:28:29.284  INFO 17676 --- [task-1] c.f.n.controller.ClasseTaskRunn          : Listening for record...
2021-12-29 18:28:29.284  INFO 17676 --- [task-1] c.f.n.service.NotificationServiceImpl    : Inside service impl
2021-12-29 18:28:39.293  WARN 17676 --- [task-1] c.f.n.controller.ClasseTaskRunn          : ###### DEBUG: 
2021-12-29 18:28:39.294  INFO 17676 --- [task-1] c.f.n.controller.ClasseTaskRunn          : Listening for record...
2021-12-29 18:28:39.294  INFO 17676 --- [task-1] c.f.n.service.NotificationServiceImpl    : Inside service impl
2021-12-29 18:28:49.310  WARN 17676 --- [task-1] c.f.n.controller.ClasseTaskRunn          : ###### DEBUG: 
2021-12-29 18:28:49.310  INFO 17676 --- [task-1] c.f.n.controller.ClasseTaskRunn          : Listening for record...
2021-12-29 18:28:49.310  INFO 17676 --- [task-1] c.f.n.service.NotificationServiceImpl    : Inside service impl
2021-12-29 18:28:59.329  WARN 17676 --- [task-1] c.f.n.controller.ClasseTaskRunn          : ###### DEBUG: 
2021-12-29 18:28:59.330  INFO 17676 --- [task-1] c.f.n.controller.ClasseTaskRunn          : Listening for record...
2021-12-29 18:28:59.330  INFO 17676 --- [task-1] c.f.n.service.NotificationServiceImpl    : Inside service impl
2021-12-29 18:29:09.341  WARN 17676 --- [task-1] c.f.n.controller.ClasseTaskRunn          : ###### DEBUG: 
2021-12-29 18:29:09.341  INFO 17676 --- [task-1] c.f.n.controller.ClasseTaskRunn          : Listening for record...
2021-12-29 18:29:09.341  INFO 17676 --- [task-1] c.f.n.service.NotificationServiceImpl    : Inside service impl
2021-12-29 18:29:19.348  WARN 17676 --- [task-1] c.f.n.controller.ClasseTaskRunn          : ###### DEBUG: 
2021-12-29 18:29:19.348  INFO 17676 --- [task-1] c.f.n.controller.ClasseTaskRunn          : Listening for record...
2021-12-29 18:29:19.348  INFO 17676 --- [task-1] c.f.n.service.NotificationServiceImpl    : Inside service impl
2021-12-29 18:29:29.363  WARN 17676 --- [task-1] c.f.n.controller.ClasseTaskRunn          : ###### DEBUG: 
2021-12-29 18:29:29.363  INFO 17676 --- [task-1] c.f.n.controller.ClasseTaskRunn          : Listening for record...
2021-12-29 18:29:29.369  INFO 17676 --- [task-1] c.f.n.service.NotificationServiceImpl    : Inside service impl
2021-12-29 18:29:39.374  WARN 17676 --- [task-1] c.f.n.controller.ClasseTaskRunn          : ###### DEBUG: 
2021-12-29 18:29:39.374  INFO 17676 --- [task-1] c.f.n.controller.ClasseTaskRunn          : Listening for record...
2021-12-29 18:29:39.374  INFO 17676 --- [task-1] c.f.n.service.NotificationServiceImpl    : Inside service impl
2021-12-29 18:29:49.386  WARN 17676 --- [task-1] c.f.n.controller.ClasseTaskRunn          : ###### DEBUG: 
2021-12-29 18:29:49.390  INFO 17676 --- [task-1] c.f.n.controller.ClasseTaskRunn          : Listening for record...
2021-12-29 18:29:49.390  INFO 17676 --- [task-1] c.f.n.service.NotificationServiceImpl    : Inside service impl
2021-12-29 18:29:59.398  WARN 17676 --- [task-1] c.f.n.controller.ClasseTaskRunn          : ###### DEBUG: 
2021-12-29 18:29:59.398  INFO 17676 --- [task-1] c.f.n.controller.ClasseTaskRunn          : Listening for record...
2021-12-29 18:29:59.398  INFO 17676 --- [task-1] c.f.n.service.NotificationServiceImpl    : Inside service impl
2021-12-29 18:30:09.407  WARN 17676 --- [task-1] c.f.n.controller.ClasseTaskRunn          : ###### DEBUG: 
2021-12-29 18:30:09.407  INFO 17676 --- [task-1] c.f.n.controller.ClasseTaskRunn          : Listening for record...
2021-12-29 18:30:09.407  INFO 17676 --- [task-1] c.f.n.service.NotificationServiceImpl    : Inside service impl
2021-12-29 18:30:19.421  WARN 17676 --- [task-1] c.f.n.controller.ClasseTaskRunn          : ###### DEBUG: 
2021-12-29 18:30:19.422  INFO 17676 --- [task-1] c.f.n.controller.ClasseTaskRunn          : Listening for record...
2021-12-29 18:30:19.422  INFO 17676 --- [task-1] c.f.n.service.NotificationServiceImpl    : Inside service impl
2021-12-29 18:30:29.442  WARN 17676 --- [task-1] c.f.n.controller.ClasseTaskRunn          : ###### DEBUG: 
2021-12-29 18:30:29.442  INFO 17676 --- [task-1] c.f.n.controller.ClasseTaskRunn          : Listening for record...
2021-12-29 18:30:29.442  INFO 17676 --- [task-1] c.f.n.service.NotificationServiceImpl    : Inside service impl
2021-12-29 18:30:39.459  WARN 17676 --- [task-1] c.f.n.controller.ClasseTaskRunn          : ###### DEBUG: 
2021-12-29 18:30:39.459  INFO 17676 --- [task-1] c.f.n.controller.ClasseTaskRunn          : Listening for record...
2021-12-29 18:30:39.459  INFO 17676 --- [task-1] c.f.n.service.NotificationServiceImpl    : Inside service impl
2021-12-29 18:30:49.470  WARN 17676 --- [task-1] c.f.n.controller.ClasseTaskRunn          : ###### DEBUG: 
2021-12-29 18:30:49.470  INFO 17676 --- [task-1] c.f.n.controller.ClasseTaskRunn          : Listening for record...
2021-12-29 18:30:49.476  INFO 17676 --- [task-1] c.f.n.service.NotificationServiceImpl    : Inside service impl
2021-12-29 18:30:59.481  WARN 17676 --- [task-1] c.f.n.controller.ClasseTaskRunn          : ###### DEBUG: 
2021-12-29 18:30:59.481  INFO 17676 --- [task-1] c.f.n.controller.ClasseTaskRunn          : Listening for record...
2021-12-29 18:30:59.481  INFO 17676 --- [task-1] c.f.n.service.NotificationServiceImpl    : Inside service impl
2021-12-29 18:31:09.492  WARN 17676 --- [task-1] c.f.n.controller.ClasseTaskRunn          : ###### DEBUG: 
2021-12-29 18:31:09.492  INFO 17676 --- [task-1] c.f.n.controller.ClasseTaskRunn          : Listening for record...
2021-12-29 18:31:09.492  INFO 17676 --- [task-1] c.f.n.service.NotificationServiceImpl    : Inside service impl
2021-12-29 18:31:19.505  WARN 17676 --- [task-1] c.f.n.controller.ClasseTaskRunn          : ###### DEBUG: 
2021-12-29 18:31:19.505  INFO 17676 --- [task-1] c.f.n.controller.ClasseTaskRunn          : Listening for record...
2021-12-29 18:31:19.505  INFO 17676 --- [task-1] c.f.n.service.NotificationServiceImpl    : Inside service impl
2021-12-29 18:31:29.517  WARN 17676 --- [task-1] c.f.n.controller.ClasseTaskRunn          : ###### DEBUG: 
2021-12-29 18:31:29.517  INFO 17676 --- [task-1] c.f.n.controller.ClasseTaskRunn          : Listening for record...
2021-12-29 18:31:29.523  INFO 17676 --- [task-1] c.f.n.service.NotificationServiceImpl    : Inside service impl
2021-12-29 18:31:39.533  WARN 17676 --- [task-1] c.f.n.controller.ClasseTaskRunn          : ###### DEBUG: 
2021-12-29 18:31:39.533  INFO 17676 --- [task-1] c.f.n.controller.ClasseTaskRunn          : Listening for record...
2021-12-29 18:31:39.533  INFO 17676 --- [task-1] c.f.n.service.NotificationServiceImpl    : Inside service impl
2021-12-29 18:31:49.545  WARN 17676 --- [task-1] c.f.n.controller.ClasseTaskRunn          : ###### DEBUG: 
2021-12-29 18:31:49.545  INFO 17676 --- [task-1] c.f.n.controller.ClasseTaskRunn          : Listening for record...
2021-12-29 18:31:49.545  INFO 17676 --- [task-1] c.f.n.service.NotificationServiceImpl    : Inside service impl
2021-12-29 18:31:59.556  WARN 17676 --- [task-1] c.f.n.controller.ClasseTaskRunn          : ###### DEBUG: 
2021-12-29 18:31:59.556  INFO 17676 --- [task-1] c.f.n.controller.ClasseTaskRunn          : Listening for record...
2021-12-29 18:31:59.556  INFO 17676 --- [task-1] c.f.n.service.NotificationServiceImpl    : Inside service impl
2021-12-29 18:32:09.570  WARN 17676 --- [task-1] c.f.n.controller.ClasseTaskRunn          : ###### DEBUG: 
2021-12-29 18:32:09.570  INFO 17676 --- [task-1] c.f.n.controller.ClasseTaskRunn          : Listening for record...
2021-12-29 18:32:09.570  INFO 17676 --- [task-1] c.f.n.service.NotificationServiceImpl    : Inside service impl
2021-12-29 18:32:19.583  WARN 17676 --- [task-1] c.f.n.controller.ClasseTaskRunn          : ###### DEBUG: 
2021-12-29 18:32:19.583  INFO 17676 --- [task-1] c.f.n.controller.ClasseTaskRunn          : Listening for record...
2021-12-29 18:32:19.583  INFO 17676 --- [task-1] c.f.n.service.NotificationServiceImpl    : Inside service impl
2021-12-29 18:32:29.597  WARN 17676 --- [task-1] c.f.n.controller.ClasseTaskRunn          : ###### DEBUG: 
2021-12-29 18:32:29.598  INFO 17676 --- [task-1] c.f.n.controller.ClasseTaskRunn          : Listening for record...
2021-12-29 18:32:29.598  INFO 17676 --- [task-1] c.f.n.service.NotificationServiceImpl    : Inside service impl
2021-12-29 18:32:39.612  WARN 17676 --- [task-1] c.f.n.controller.ClasseTaskRunn          : ###### DEBUG: 
2021-12-29 18:32:39.612  INFO 17676 --- [task-1] c.f.n.controller.ClasseTaskRunn          : Listening for record...
2021-12-29 18:32:39.612  INFO 17676 --- [task-1] c.f.n.service.NotificationServiceImpl    : Inside service impl
2021-12-29 18:32:49.618  WARN 17676 --- [task-1] c.f.n.controller.ClasseTaskRunn          : ###### DEBUG: 
2021-12-29 18:32:49.618  INFO 17676 --- [task-1] c.f.n.controller.ClasseTaskRunn          : Listening for record...
2021-12-29 18:32:49.618  INFO 17676 --- [task-1] c.f.n.service.NotificationServiceImpl    : Inside service impl
2021-12-29 18:32:59.629  WARN 17676 --- [task-1] c.f.n.controller.ClasseTaskRunn          : ###### DEBUG: 
2021-12-29 18:32:59.629  INFO 17676 --- [task-1] c.f.n.controller.ClasseTaskRunn          : Listening for record...
2021-12-29 18:32:59.629  INFO 17676 --- [task-1] c.f.n.service.NotificationServiceImpl    : Inside service impl
2021-12-29 18:33:09.642  WARN 17676 --- [task-1] c.f.n.controller.ClasseTaskRunn          : ###### DEBUG: 
2021-12-29 18:33:09.642  INFO 17676 --- [task-1] c.f.n.controller.ClasseTaskRunn          : Listening for record...
2021-12-29 18:33:09.642  INFO 17676 --- [task-1] c.f.n.service.NotificationServiceImpl    : Inside service impl
2021-12-29 18:33:19.653  WARN 17676 --- [task-1] c.f.n.controller.ClasseTaskRunn          : ###### DEBUG: 
2021-12-29 18:33:19.653  INFO 17676 --- [task-1] c.f.n.controller.ClasseTaskRunn          : Listening for record...
2021-12-29 18:33:19.653  INFO 17676 --- [task-1] c.f.n.service.NotificationServiceImpl    : Inside service impl
2021-12-29 18:33:29.663  WARN 17676 --- [task-1] c.f.n.controller.ClasseTaskRunn          : ###### DEBUG: 
2021-12-29 18:33:29.663  INFO 17676 --- [task-1] c.f.n.controller.ClasseTaskRunn          : Listening for record...
2021-12-29 18:33:29.663  INFO 17676 --- [task-1] c.f.n.service.NotificationServiceImpl    : Inside service impl
2021-12-29 18:33:39.674  WARN 17676 --- [task-1] c.f.n.controller.ClasseTaskRunn          : ###### DEBUG: 
2021-12-29 18:33:39.674  INFO 17676 --- [task-1] c.f.n.controller.ClasseTaskRunn          : Listening for record...
2021-12-29 18:33:39.674  INFO 17676 --- [task-1] c.f.n.service.NotificationServiceImpl    : Inside service impl
2021-12-29 18:33:49.685  WARN 17676 --- [task-1] c.f.n.controller.ClasseTaskRunn          : ###### DEBUG: 
2021-12-29 18:33:49.685  INFO 17676 --- [task-1] c.f.n.controller.ClasseTaskRunn          : Listening for record...
2021-12-29 18:33:49.685  INFO 17676 --- [task-1] c.f.n.service.NotificationServiceImpl    : Inside service impl
2021-12-29 18:33:59.695  WARN 17676 --- [task-1] c.f.n.controller.ClasseTaskRunn          : ###### DEBUG: 
2021-12-29 18:33:59.695  INFO 17676 --- [task-1] c.f.n.controller.ClasseTaskRunn          : Listening for record...
2021-12-29 18:33:59.695  INFO 17676 --- [task-1] c.f.n.service.NotificationServiceImpl    : Inside service impl
2021-12-29 18:34:09.706  WARN 17676 --- [task-1] c.f.n.controller.ClasseTaskRunn          : ###### DEBUG: 
2021-12-29 18:34:09.706  INFO 17676 --- [task-1] c.f.n.controller.ClasseTaskRunn          : Listening for record...
2021-12-29 18:34:09.706  INFO 17676 --- [task-1] c.f.n.service.NotificationServiceImpl    : Inside service impl
2021-12-29 18:34:19.719  WARN 17676 --- [task-1] c.f.n.controller.ClasseTaskRunn          : ###### DEBUG: 
2021-12-29 18:34:19.720  INFO 17676 --- [task-1] c.f.n.controller.ClasseTaskRunn          : Listening for record...
2021-12-29 18:34:19.720  INFO 17676 --- [task-1] c.f.n.service.NotificationServiceImpl    : Inside service impl
2021-12-29 18:34:29.730  WARN 17676 --- [task-1] c.f.n.controller.ClasseTaskRunn          : ###### DEBUG: 
2021-12-29 18:34:29.730  INFO 17676 --- [task-1] c.f.n.controller.ClasseTaskRunn          : Listening for record...
2021-12-29 18:34:29.730  INFO 17676 --- [task-1] c.f.n.service.NotificationServiceImpl    : Inside service impl
2021-12-29 18:34:39.753  WARN 17676 --- [task-1] c.f.n.controller.ClasseTaskRunn          : ###### DEBUG: 
2021-12-29 18:34:39.753  INFO 17676 --- [task-1] c.f.n.controller.ClasseTaskRunn          : Listening for record...
2021-12-29 18:34:39.753  INFO 17676 --- [task-1] c.f.n.service.NotificationServiceImpl    : Inside service impl
2021-12-29 18:34:49.768  WARN 17676 --- [task-1] c.f.n.controller.ClasseTaskRunn          : ###### DEBUG: 
2021-12-29 18:34:49.769  INFO 17676 --- [task-1] c.f.n.controller.ClasseTaskRunn          : Listening for record...
2021-12-29 18:34:49.769  INFO 17676 --- [task-1] c.f.n.service.NotificationServiceImpl    : Inside service impl
2021-12-29 18:34:59.782  WARN 17676 --- [task-1] c.f.n.controller.ClasseTaskRunn          : ###### DEBUG: 
2021-12-29 18:34:59.782  INFO 17676 --- [task-1] c.f.n.controller.ClasseTaskRunn          : Listening for record...
2021-12-29 18:34:59.782  INFO 17676 --- [task-1] c.f.n.service.NotificationServiceImpl    : Inside service impl
2021-12-29 18:35:09.796  WARN 17676 --- [task-1] c.f.n.controller.ClasseTaskRunn          : ###### DEBUG: 
2021-12-29 18:35:09.798  INFO 17676 --- [task-1] c.f.n.controller.ClasseTaskRunn          : Listening for record...
2021-12-29 18:35:09.798  INFO 17676 --- [task-1] c.f.n.service.NotificationServiceImpl    : Inside service impl
2021-12-29 18:35:19.807  WARN 17676 --- [task-1] c.f.n.controller.ClasseTaskRunn          : ###### DEBUG: 
2021-12-29 18:35:19.808  INFO 17676 --- [task-1] c.f.n.controller.ClasseTaskRunn          : Listening for record...
2021-12-29 18:35:19.808  INFO 17676 --- [task-1] c.f.n.service.NotificationServiceImpl    : Inside service impl
2021-12-29 18:35:29.832  WARN 17676 --- [task-1] c.f.n.controller.ClasseTaskRunn          : ###### DEBUG: 
2021-12-29 18:35:29.833  INFO 17676 --- [task-1] c.f.n.controller.ClasseTaskRunn          : Listening for record...
2021-12-29 18:35:29.833  INFO 17676 --- [task-1] c.f.n.service.NotificationServiceImpl    : Inside service impl
2021-12-29 18:35:39.843  WARN 17676 --- [task-1] c.f.n.controller.ClasseTaskRunn          : ###### DEBUG: 
2021-12-29 18:35:39.844  INFO 17676 --- [task-1] c.f.n.controller.ClasseTaskRunn          : Listening for record...
2021-12-29 18:35:39.844  INFO 17676 --- [task-1] c.f.n.service.NotificationServiceImpl    : Inside service impl
2021-12-29 18:35:49.859  WARN 17676 --- [task-1] c.f.n.controller.ClasseTaskRunn          : ###### DEBUG: 
2021-12-29 18:35:49.860  INFO 17676 --- [task-1] c.f.n.controller.ClasseTaskRunn          : Listening for record...
2021-12-29 18:35:49.860  INFO 17676 --- [task-1] c.f.n.service.NotificationServiceImpl    : Inside service impl
2021-12-29 18:35:59.869  WARN 17676 --- [task-1] c.f.n.controller.ClasseTaskRunn          : ###### DEBUG: 
2021-12-29 18:35:59.869  INFO 17676 --- [task-1] c.f.n.controller.ClasseTaskRunn          : Listening for record...
2021-12-29 18:35:59.869  INFO 17676 --- [task-1] c.f.n.service.NotificationServiceImpl    : Inside service impl
2021-12-29 18:36:09.878  WARN 17676 --- [task-1] c.f.n.controller.ClasseTaskRunn          : ###### DEBUG: 
2021-12-29 18:36:09.878  INFO 17676 --- [task-1] c.f.n.controller.ClasseTaskRunn          : Listening for record...
2021-12-29 18:36:09.878  INFO 17676 --- [task-1] c.f.n.service.NotificationServiceImpl    : Inside service impl
2021-12-29 18:36:19.888  WARN 17676 --- [task-1] c.f.n.controller.ClasseTaskRunn          : ###### DEBUG: 
2021-12-29 18:36:19.889  INFO 17676 --- [task-1] c.f.n.controller.ClasseTaskRunn          : Listening for record...
2021-12-29 18:36:19.889  INFO 17676 --- [task-1] c.f.n.service.NotificationServiceImpl    : Inside service impl
2021-12-29 18:36:29.896  WARN 17676 --- [task-1] c.f.n.controller.ClasseTaskRunn          : ###### DEBUG: 
2021-12-29 18:36:29.897  INFO 17676 --- [task-1] c.f.n.controller.ClasseTaskRunn          : Listening for record...
2021-12-29 18:36:29.897  INFO 17676 --- [task-1] c.f.n.service.NotificationServiceImpl    : Inside service impl
2021-12-29 18:36:39.906  WARN 17676 --- [task-1] c.f.n.controller.ClasseTaskRunn          : ###### DEBUG: 
2021-12-29 18:36:39.908  INFO 17676 --- [task-1] c.f.n.controller.ClasseTaskRunn          : Listening for record...
2021-12-29 18:36:39.908  INFO 17676 --- [task-1] c.f.n.service.NotificationServiceImpl    : Inside service impl
2021-12-29 18:36:49.918  WARN 17676 --- [task-1] c.f.n.controller.ClasseTaskRunn          : ###### DEBUG: 
2021-12-29 18:36:49.918  INFO 17676 --- [task-1] c.f.n.controller.ClasseTaskRunn          : Listening for record...
2021-12-29 18:36:49.918  INFO 17676 --- [task-1] c.f.n.service.NotificationServiceImpl    : Inside service impl
2021-12-29 18:36:59.939  WARN 17676 --- [task-1] c.f.n.controller.ClasseTaskRunn          : ###### DEBUG: 
2021-12-29 18:36:59.940  INFO 17676 --- [task-1] c.f.n.controller.ClasseTaskRunn          : Listening for record...
2021-12-29 18:36:59.940  INFO 17676 --- [task-1] c.f.n.service.NotificationServiceImpl    : Inside service impl
2021-12-29 18:37:09.948  WARN 17676 --- [task-1] c.f.n.controller.ClasseTaskRunn          : ###### DEBUG: 
2021-12-29 18:37:09.953  INFO 17676 --- [task-1] c.f.n.controller.ClasseTaskRunn          : Listening for record...
2021-12-29 18:37:09.953  INFO 17676 --- [task-1] c.f.n.service.NotificationServiceImpl    : Inside service impl
2021-12-29 18:37:19.965  WARN 17676 --- [task-1] c.f.n.controller.ClasseTaskRunn          : ###### DEBUG: 
2021-12-29 18:37:19.965  INFO 17676 --- [task-1] c.f.n.controller.ClasseTaskRunn          : Listening for record...
2021-12-29 18:37:19.965  INFO 17676 --- [task-1] c.f.n.service.NotificationServiceImpl    : Inside service impl
2021-12-29 18:37:29.976  WARN 17676 --- [task-1] c.f.n.controller.ClasseTaskRunn          : ###### DEBUG: 
2021-12-29 18:37:29.976  INFO 17676 --- [task-1] c.f.n.controller.ClasseTaskRunn          : Listening for record...
2021-12-29 18:37:29.976  INFO 17676 --- [task-1] c.f.n.service.NotificationServiceImpl    : Inside service impl
2021-12-29 18:37:39.986  WARN 17676 --- [task-1] c.f.n.controller.ClasseTaskRunn          : ###### DEBUG: 
2021-12-29 18:37:39.986  INFO 17676 --- [task-1] c.f.n.controller.ClasseTaskRunn          : Listening for record...
2021-12-29 18:37:39.986  INFO 17676 --- [task-1] c.f.n.service.NotificationServiceImpl    : Inside service impl
2021-12-29 18:37:49.996  WARN 17676 --- [task-1] c.f.n.controller.ClasseTaskRunn          : ###### DEBUG: 
2021-12-29 18:37:49.996  INFO 17676 --- [task-1] c.f.n.controller.ClasseTaskRunn          : Listening for record...
2021-12-29 18:37:49.996  INFO 17676 --- [task-1] c.f.n.service.NotificationServiceImpl    : Inside service impl
2021-12-29 18:38:00.007  WARN 17676 --- [task-1] c.f.n.controller.ClasseTaskRunn          : ###### DEBUG: 
2021-12-29 18:38:00.007  INFO 17676 --- [task-1] c.f.n.controller.ClasseTaskRunn          : Listening for record...
2021-12-29 18:38:00.007  INFO 17676 --- [task-1] c.f.n.service.NotificationServiceImpl    : Inside service impl
2021-12-29 18:38:10.019  WARN 17676 --- [task-1] c.f.n.controller.ClasseTaskRunn          : ###### DEBUG: 
2021-12-29 18:38:10.019  INFO 17676 --- [task-1] c.f.n.controller.ClasseTaskRunn          : Listening for record...
2021-12-29 18:38:10.019  INFO 17676 --- [task-1] c.f.n.service.NotificationServiceImpl    : Inside service impl
2021-12-29 18:38:20.030  WARN 17676 --- [task-1] c.f.n.controller.ClasseTaskRunn          : ###### DEBUG: 
2021-12-29 18:38:20.030  INFO 17676 --- [task-1] c.f.n.controller.ClasseTaskRunn          : Listening for record...
2021-12-29 18:38:20.030  INFO 17676 --- [task-1] c.f.n.service.NotificationServiceImpl    : Inside service impl
2021-12-29 19:24:07.446  INFO 4788 --- [restartedMain] c.f.n.NotificationApplication            : Starting NotificationApplication using Java 17.0.1 on nagbara with PID 4788 (C:\Users\agbar\Documents\Dev\notification\target\classes started by agbar in C:\Users\agbar\Documents\Dev\notification)
2021-12-29 19:24:07.446  INFO 4788 --- [restartedMain] c.f.n.NotificationApplication            : No active profile set, falling back to default profiles: default
2021-12-29 19:24:07.518  INFO 4788 --- [restartedMain] .e.DevToolsPropertyDefaultsPostProcessor : Devtools property defaults active! Set 'spring.devtools.add-properties' to 'false' to disable
2021-12-29 19:24:07.518  INFO 4788 --- [restartedMain] .e.DevToolsPropertyDefaultsPostProcessor : For additional web related logging consider setting the 'logging.level.web' property to 'DEBUG'
2021-12-29 19:24:08.109  INFO 4788 --- [restartedMain] .s.d.r.c.RepositoryConfigurationDelegate : Bootstrapping Spring Data JPA repositories in DEFAULT mode.
2021-12-29 19:24:08.157  INFO 4788 --- [restartedMain] .s.d.r.c.RepositoryConfigurationDelegate : Finished Spring Data repository scanning in 36 ms. Found 1 JPA repository interfaces.
2021-12-29 19:24:08.829  INFO 4788 --- [restartedMain] o.s.b.w.embedded.tomcat.TomcatWebServer  : Tomcat initialized with port(s): 8080 (http)
2021-12-29 19:24:08.829  INFO 4788 --- [restartedMain] o.apache.catalina.core.StandardService   : Starting service [Tomcat]
2021-12-29 19:24:08.829  INFO 4788 --- [restartedMain] org.apache.catalina.core.StandardEngine  : Starting Servlet engine: [Apache Tomcat/9.0.56]
2021-12-29 19:24:08.908  INFO 4788 --- [restartedMain] o.a.c.c.C.[Tomcat].[localhost].[/]       : Initializing Spring embedded WebApplicationContext
2021-12-29 19:24:08.908  INFO 4788 --- [restartedMain] w.s.c.ServletWebServerApplicationContext : Root WebApplicationContext: initialization completed in 1375 ms
2021-12-29 19:24:09.042  INFO 4788 --- [restartedMain] com.zaxxer.hikari.HikariDataSource       : HikariPool-1 - Starting...
2021-12-29 19:24:09.412  INFO 4788 --- [restartedMain] com.zaxxer.hikari.HikariDataSource       : HikariPool-1 - Start completed.
2021-12-29 19:24:09.467  INFO 4788 --- [restartedMain] o.hibernate.jpa.internal.util.LogHelper  : HHH000204: Processing PersistenceUnitInfo [name: default]
2021-12-29 19:24:09.521  INFO 4788 --- [restartedMain] org.hibernate.Version                    : HHH000412: Hibernate ORM core version 5.6.3.Final
2021-12-29 19:24:09.699  INFO 4788 --- [restartedMain] o.hibernate.annotations.common.Version   : HCANN000001: Hibernate Commons Annotations {5.1.2.Final}
2021-12-29 19:24:09.858  INFO 4788 --- [restartedMain] org.hibernate.dialect.Dialect            : HHH000400: Using dialect: org.hibernate.dialect.MySQL8Dialect
2021-12-29 19:24:10.389  INFO 4788 --- [restartedMain] o.h.e.t.j.p.i.JtaPlatformInitiator       : HHH000490: Using JtaPlatform implementation: [org.hibernate.engine.transaction.jta.platform.internal.NoJtaPlatform]
2021-12-29 19:24:10.404  INFO 4788 --- [restartedMain] j.LocalContainerEntityManagerFactoryBean : Initialized JPA EntityManagerFactory for persistence unit 'default'
2021-12-29 19:24:10.874  WARN 4788 --- [restartedMain] c.f.n.controller.NotificationController  : ###### Startup ok
2021-12-29 19:24:10.938  WARN 4788 --- [restartedMain] JpaBaseConfiguration$JpaWebConfiguration : spring.jpa.open-in-view is enabled by default. Therefore, database queries may be performed during view rendering. Explicitly configure spring.jpa.open-in-view to disable this warning
2021-12-29 19:24:11.000  INFO 4788 --- [task-1] c.f.n.controller.ClasseTaskRunn          : Listening for new account...
2021-12-29 19:24:11.000  INFO 4788 --- [task-1] c.f.n.service.NotificationServiceImpl    : Inside service impl
2021-12-29 19:24:11.035  INFO 4788 --- [task-1] c.f.n.controller.ClasseTaskRunn          : Found record
2021-12-29 19:24:11.035  INFO 4788 --- [task-1] c.f.n.controller.ClasseTaskRunn          : size of record 2
2021-12-29 19:24:11.257  INFO 4788 --- [task-1] c.f.n.controller.ClasseTaskRunn          : Notification sent for:- example@sample.com Hi hmm,

Welcome to Nathans!
Here's your account number 1000000007. Enjoy seamless transactions.

Regards

2021-12-29 19:24:11.277  INFO 4788 --- [restartedMain] o.s.b.d.a.OptionalLiveReloadServer       : LiveReload server is running on port 35729
2021-12-29 19:24:11.307  INFO 4788 --- [restartedMain] o.s.b.w.embedded.tomcat.TomcatWebServer  : Tomcat started on port(s): 8080 (http) with context path ''
2021-12-29 19:24:11.307  INFO 4788 --- [restartedMain] c.f.n.NotificationApplication            : Started NotificationApplication in 4.291 seconds (JVM running for 4.729)
2021-12-29 19:24:11.407  INFO 4788 --- [task-1] c.f.n.controller.ClasseTaskRunn          : Notification sent for:- example@sample.com Hi hmm,

Welcome to Nathans!
Here's your account number 1000000008. Enjoy seamless transactions.

Regards

2021-12-29 19:24:21.419  INFO 4788 --- [task-1] c.f.n.controller.ClasseTaskRunn          : Listening for new account...
2021-12-29 19:24:21.419  INFO 4788 --- [task-1] c.f.n.service.NotificationServiceImpl    : Inside service impl
2021-12-29 19:24:31.471  INFO 4788 --- [task-1] c.f.n.controller.ClasseTaskRunn          : Listening for new account...
2021-12-29 19:24:31.475  INFO 4788 --- [task-1] c.f.n.service.NotificationServiceImpl    : Inside service impl
2021-12-29 19:24:41.485  INFO 4788 --- [task-1] c.f.n.controller.ClasseTaskRunn          : Listening for new account...
2021-12-29 19:24:41.485  INFO 4788 --- [task-1] c.f.n.service.NotificationServiceImpl    : Inside service impl
2021-12-29 19:24:51.503  INFO 4788 --- [task-1] c.f.n.controller.ClasseTaskRunn          : Listening for new account...
2021-12-29 19:24:51.504  INFO 4788 --- [task-1] c.f.n.service.NotificationServiceImpl    : Inside service impl
2021-12-29 19:25:01.513  INFO 4788 --- [task-1] c.f.n.controller.ClasseTaskRunn          : Listening for new account...
2021-12-29 19:25:01.513  INFO 4788 --- [task-1] c.f.n.service.NotificationServiceImpl    : Inside service impl
2021-12-29 19:25:11.527  INFO 4788 --- [task-1] c.f.n.controller.ClasseTaskRunn          : Listening for new account...
2021-12-29 19:25:11.527  INFO 4788 --- [task-1] c.f.n.service.NotificationServiceImpl    : Inside service impl
2021-12-29 19:25:21.542  INFO 4788 --- [task-1] c.f.n.controller.ClasseTaskRunn          : Listening for new account...
2021-12-29 19:25:21.550  INFO 4788 --- [task-1] c.f.n.service.NotificationServiceImpl    : Inside service impl
2021-12-29 19:25:31.571  INFO 4788 --- [task-1] c.f.n.controller.ClasseTaskRunn          : Listening for new account...
2021-12-29 19:25:31.571  INFO 4788 --- [task-1] c.f.n.service.NotificationServiceImpl    : Inside service impl
